2021-07-15_14-06-01 [restartedMain] INFO  c.c.p.PensionManagementPortalApplication - Starting PensionManagementPortalApplication using Java 15.0.2 on LAPTOP-0AALEG97 with PID 10196 (C:\Users\DEEPANSHU\Desktop\Pension-Management-System-main\PensionManagementPortal\target\classes started by DEEPANSHU in C:\Users\DEEPANSHU\Desktop\Pension-Management-System-main\PensionManagementPortal)
2021-07-15_14-06-01 [restartedMain] INFO  c.c.p.PensionManagementPortalApplication - No active profile set, falling back to default profiles: default
2021-07-15_14-06-01 [restartedMain] INFO  o.s.b.d.e.DevToolsPropertyDefaultsPostProcessor - Devtools property defaults active! Set 'spring.devtools.add-properties' to 'false' to disable
2021-07-15_14-06-01 [restartedMain] INFO  o.s.b.d.e.DevToolsPropertyDefaultsPostProcessor - For additional web related logging consider setting the 'logging.level.web' property to 'DEBUG'
2021-07-15_14-06-01 [restartedMain] INFO  o.s.cloud.context.scope.GenericScope - BeanFactory id=e6c86c82-01c1-3fb2-b4e5-d88eabd0b1c0
2021-07-15_14-06-01 [restartedMain] INFO  o.s.c.s.PostProcessorRegistrationDelegate$BeanPostProcessorChecker - Bean 'com.cts.portal.feignclient.AuthorisingClient' of type [org.springframework.cloud.openfeign.FeignClientFactoryBean] is not eligible for getting processed by all BeanPostProcessors (for example: not eligible for auto-proxying)
2021-07-15_14-06-01 [restartedMain] INFO  o.s.c.s.PostProcessorRegistrationDelegate$BeanPostProcessorChecker - Bean 'com.cts.portal.feignclient.PensionerDetailFeignClient' of type [org.springframework.cloud.openfeign.FeignClientFactoryBean] is not eligible for getting processed by all BeanPostProcessors (for example: not eligible for auto-proxying)
2021-07-15_14-06-01 [restartedMain] INFO  o.s.c.s.PostProcessorRegistrationDelegate$BeanPostProcessorChecker - Bean 'com.cts.portal.feignclient.ProcessPensionFeignClient' of type [org.springframework.cloud.openfeign.FeignClientFactoryBean] is not eligible for getting processed by all BeanPostProcessors (for example: not eligible for auto-proxying)
2021-07-15_14-06-01 [restartedMain] INFO  o.s.b.w.e.tomcat.TomcatWebServer - Tomcat initialized with port(s): 8500 (http)
2021-07-15_14-06-01 [restartedMain] INFO  o.a.coyote.http11.Http11NioProtocol - Initializing ProtocolHandler ["http-nio-8500"]
2021-07-15_14-06-01 [restartedMain] INFO  o.a.catalina.core.StandardService - Starting service [Tomcat]
2021-07-15_14-06-01 [restartedMain] INFO  o.a.catalina.core.StandardEngine - Starting Servlet engine: [Apache Tomcat/9.0.41]
2021-07-15_14-06-01 [restartedMain] INFO  org.apache.jasper.servlet.TldScanner - At least one JAR was scanned for TLDs yet contained no TLDs. Enable debug logging for this logger for a complete list of JARs that were scanned but no TLDs were found in them. Skipping unneeded JARs during scanning can improve startup time and JSP compilation time.
2021-07-15_14-06-01 [restartedMain] INFO  o.a.c.c.C.[Tomcat].[localhost].[/] - Initializing Spring embedded WebApplicationContext
2021-07-15_14-06-01 [restartedMain] INFO  o.s.b.w.s.c.ServletWebServerApplicationContext - Root WebApplicationContext: initialization completed in 2433 ms
2021-07-15_14-06-01 [restartedMain] INFO  o.s.s.c.ThreadPoolTaskExecutor - Initializing ExecutorService 'applicationTaskExecutor'
2021-07-15_14-06-01 [restartedMain] INFO  o.s.b.a.e.web.EndpointLinksResolver - Exposing 2 endpoint(s) beneath base path '/actuator'
2021-07-15_14-06-01 [restartedMain] INFO  o.a.coyote.http11.Http11NioProtocol - Starting ProtocolHandler ["http-nio-8500"]
2021-07-15_14-06-01 [restartedMain] INFO  o.s.b.w.e.tomcat.TomcatWebServer - Tomcat started on port(s): 8500 (http) with context path ''
2021-07-15_14-06-01 [restartedMain] INFO  c.c.p.PensionManagementPortalApplication - Started PensionManagementPortalApplication in 4.7 seconds (JVM running for 5.449)
2021-07-15_14-06-01 [http-nio-8500-exec-1] INFO  o.a.c.c.C.[Tomcat].[localhost].[/] - Initializing Spring DispatcherServlet 'dispatcherServlet'
2021-07-15_14-06-01 [http-nio-8500-exec-1] INFO  o.s.web.servlet.DispatcherServlet - Initializing Servlet 'dispatcherServlet'
2021-07-15_14-06-01 [http-nio-8500-exec-1] INFO  o.s.web.servlet.DispatcherServlet - Completed initialization in 2 ms
2021-07-15_14-06-01 [Thread-1] INFO  o.s.s.c.ThreadPoolTaskExecutor - Shutting down ExecutorService 'applicationTaskExecutor'
2021-07-15_23-38-46 [restartedMain] INFO  c.c.p.PensionManagementPortalApplication - Starting PensionManagementPortalApplication using Java 15.0.2 on LAPTOP-0AALEG97 with PID 10196 (C:\Users\DEEPANSHU\Desktop\Pension-Management-System-main\PensionManagementPortal\target\classes started by DEEPANSHU in C:\Users\DEEPANSHU\Desktop\Pension-Management-System-main\PensionManagementPortal)
2021-07-15_23-38-46 [restartedMain] INFO  c.c.p.PensionManagementPortalApplication - No active profile set, falling back to default profiles: default
2021-07-15_23-38-46 [restartedMain] INFO  o.s.cloud.context.scope.GenericScope - BeanFactory id=e6c86c82-01c1-3fb2-b4e5-d88eabd0b1c0
2021-07-15_23-38-46 [restartedMain] INFO  o.s.c.s.PostProcessorRegistrationDelegate$BeanPostProcessorChecker - Bean 'com.cts.portal.feignclient.AuthorisingClient' of type [org.springframework.cloud.openfeign.FeignClientFactoryBean] is not eligible for getting processed by all BeanPostProcessors (for example: not eligible for auto-proxying)
2021-07-15_23-38-46 [restartedMain] INFO  o.s.c.s.PostProcessorRegistrationDelegate$BeanPostProcessorChecker - Bean 'com.cts.portal.feignclient.PensionerDetailFeignClient' of type [org.springframework.cloud.openfeign.FeignClientFactoryBean] is not eligible for getting processed by all BeanPostProcessors (for example: not eligible for auto-proxying)
2021-07-15_23-38-46 [restartedMain] INFO  o.s.c.s.PostProcessorRegistrationDelegate$BeanPostProcessorChecker - Bean 'com.cts.portal.feignclient.ProcessPensionFeignClient' of type [org.springframework.cloud.openfeign.FeignClientFactoryBean] is not eligible for getting processed by all BeanPostProcessors (for example: not eligible for auto-proxying)
2021-07-15_23-38-46 [restartedMain] INFO  o.s.b.w.e.tomcat.TomcatWebServer - Tomcat initialized with port(s): 8500 (http)
2021-07-15_23-38-46 [restartedMain] INFO  o.a.coyote.http11.Http11NioProtocol - Initializing ProtocolHandler ["http-nio-8500"]
2021-07-15_23-38-46 [restartedMain] INFO  o.a.catalina.core.StandardService - Starting service [Tomcat]
2021-07-15_23-38-46 [restartedMain] INFO  o.a.catalina.core.StandardEngine - Starting Servlet engine: [Apache Tomcat/9.0.41]
2021-07-15_23-38-46 [restartedMain] INFO  org.apache.jasper.servlet.TldScanner - At least one JAR was scanned for TLDs yet contained no TLDs. Enable debug logging for this logger for a complete list of JARs that were scanned but no TLDs were found in them. Skipping unneeded JARs during scanning can improve startup time and JSP compilation time.
2021-07-15_23-38-46 [restartedMain] INFO  o.a.c.c.C.[Tomcat].[localhost].[/] - Initializing Spring embedded WebApplicationContext
2021-07-15_23-38-46 [restartedMain] INFO  o.s.b.w.s.c.ServletWebServerApplicationContext - Root WebApplicationContext: initialization completed in 2523 ms
2021-07-15_23-38-46 [restartedMain] INFO  o.s.s.c.ThreadPoolTaskExecutor - Initializing ExecutorService 'applicationTaskExecutor'
2021-07-15_23-38-46 [restartedMain] INFO  o.s.b.a.e.web.EndpointLinksResolver - Exposing 2 endpoint(s) beneath base path '/actuator'
2021-07-15_23-38-46 [restartedMain] INFO  o.a.coyote.http11.Http11NioProtocol - Starting ProtocolHandler ["http-nio-8500"]
2021-07-15_23-38-46 [restartedMain] INFO  o.s.b.w.e.tomcat.TomcatWebServer - Tomcat started on port(s): 8500 (http) with context path ''
2021-07-15_23-38-46 [restartedMain] INFO  c.c.p.PensionManagementPortalApplication - Started PensionManagementPortalApplication in 6.878 seconds (JVM running for 34379.139)
2021-07-15_23-38-46 [restartedMain] INFO  o.s.b.d.a.ConditionEvaluationDeltaLoggingListener - Condition evaluation unchanged
2021-07-15_23-38-46 [Thread-8] INFO  o.s.s.c.ThreadPoolTaskExecutor - Shutting down ExecutorService 'applicationTaskExecutor'
2021-07-15_23-38-53 [restartedMain] INFO  c.c.p.PensionManagementPortalApplication - Starting PensionManagementPortalApplication using Java 15.0.2 on LAPTOP-0AALEG97 with PID 10196 (C:\Users\DEEPANSHU\Desktop\Pension-Management-System-main\PensionManagementPortal\target\classes started by DEEPANSHU in C:\Users\DEEPANSHU\Desktop\Pension-Management-System-main\PensionManagementPortal)
2021-07-15_23-38-53 [restartedMain] INFO  c.c.p.PensionManagementPortalApplication - No active profile set, falling back to default profiles: default
2021-07-15_23-38-53 [restartedMain] INFO  o.s.cloud.context.scope.GenericScope - BeanFactory id=e6c86c82-01c1-3fb2-b4e5-d88eabd0b1c0
2021-07-15_23-38-53 [restartedMain] INFO  o.s.c.s.PostProcessorRegistrationDelegate$BeanPostProcessorChecker - Bean 'com.cts.portal.feignclient.AuthorisingClient' of type [org.springframework.cloud.openfeign.FeignClientFactoryBean] is not eligible for getting processed by all BeanPostProcessors (for example: not eligible for auto-proxying)
2021-07-15_23-38-53 [restartedMain] INFO  o.s.c.s.PostProcessorRegistrationDelegate$BeanPostProcessorChecker - Bean 'com.cts.portal.feignclient.PensionerDetailFeignClient' of type [org.springframework.cloud.openfeign.FeignClientFactoryBean] is not eligible for getting processed by all BeanPostProcessors (for example: not eligible for auto-proxying)
2021-07-15_23-38-53 [restartedMain] INFO  o.s.c.s.PostProcessorRegistrationDelegate$BeanPostProcessorChecker - Bean 'com.cts.portal.feignclient.ProcessPensionFeignClient' of type [org.springframework.cloud.openfeign.FeignClientFactoryBean] is not eligible for getting processed by all BeanPostProcessors (for example: not eligible for auto-proxying)
2021-07-15_23-38-53 [restartedMain] INFO  o.s.b.w.e.tomcat.TomcatWebServer - Tomcat initialized with port(s): 8500 (http)
2021-07-15_23-38-53 [restartedMain] INFO  o.a.coyote.http11.Http11NioProtocol - Initializing ProtocolHandler ["http-nio-8500"]
2021-07-15_23-38-53 [restartedMain] INFO  o.a.catalina.core.StandardService - Starting service [Tomcat]
2021-07-15_23-38-53 [restartedMain] INFO  o.a.catalina.core.StandardEngine - Starting Servlet engine: [Apache Tomcat/9.0.41]
2021-07-15_23-38-53 [restartedMain] INFO  org.apache.jasper.servlet.TldScanner - At least one JAR was scanned for TLDs yet contained no TLDs. Enable debug logging for this logger for a complete list of JARs that were scanned but no TLDs were found in them. Skipping unneeded JARs during scanning can improve startup time and JSP compilation time.
2021-07-15_23-38-53 [restartedMain] INFO  o.a.c.c.C.[Tomcat].[localhost].[/] - Initializing Spring embedded WebApplicationContext
2021-07-15_23-38-53 [restartedMain] INFO  o.s.b.w.s.c.ServletWebServerApplicationContext - Root WebApplicationContext: initialization completed in 1460 ms
2021-07-15_23-38-53 [restartedMain] INFO  o.s.s.c.ThreadPoolTaskExecutor - Initializing ExecutorService 'applicationTaskExecutor'
2021-07-15_23-38-53 [restartedMain] INFO  o.s.b.a.e.web.EndpointLinksResolver - Exposing 2 endpoint(s) beneath base path '/actuator'
2021-07-15_23-38-53 [restartedMain] INFO  o.a.coyote.http11.Http11NioProtocol - Starting ProtocolHandler ["http-nio-8500"]
2021-07-15_23-38-53 [restartedMain] INFO  o.s.b.w.e.tomcat.TomcatWebServer - Tomcat started on port(s): 8500 (http) with context path ''
2021-07-15_23-38-53 [restartedMain] INFO  c.c.p.PensionManagementPortalApplication - Started PensionManagementPortalApplication in 7.848 seconds (JVM running for 34387.177)
2021-07-15_23-38-53 [restartedMain] INFO  o.s.b.d.a.ConditionEvaluationDeltaLoggingListener - Condition evaluation unchanged
2021-07-15_23-38-53 [Thread-15] INFO  o.s.s.c.ThreadPoolTaskExecutor - Shutting down ExecutorService 'applicationTaskExecutor'
2021-07-15_23-39-38 [restartedMain] INFO  c.c.p.PensionManagementPortalApplication - Starting PensionManagementPortalApplication using Java 15.0.2 on LAPTOP-0AALEG97 with PID 10196 (C:\Users\DEEPANSHU\Desktop\Pension-Management-System-main\PensionManagementPortal\target\classes started by DEEPANSHU in C:\Users\DEEPANSHU\Desktop\Pension-Management-System-main\PensionManagementPortal)
2021-07-15_23-39-38 [restartedMain] INFO  c.c.p.PensionManagementPortalApplication - No active profile set, falling back to default profiles: default
2021-07-15_23-39-38 [restartedMain] INFO  o.s.cloud.context.scope.GenericScope - BeanFactory id=e6c86c82-01c1-3fb2-b4e5-d88eabd0b1c0
2021-07-15_23-39-38 [restartedMain] INFO  o.s.c.s.PostProcessorRegistrationDelegate$BeanPostProcessorChecker - Bean 'com.cts.portal.feignclient.AuthorisingClient' of type [org.springframework.cloud.openfeign.FeignClientFactoryBean] is not eligible for getting processed by all BeanPostProcessors (for example: not eligible for auto-proxying)
2021-07-15_23-39-38 [restartedMain] INFO  o.s.c.s.PostProcessorRegistrationDelegate$BeanPostProcessorChecker - Bean 'com.cts.portal.feignclient.PensionerDetailFeignClient' of type [org.springframework.cloud.openfeign.FeignClientFactoryBean] is not eligible for getting processed by all BeanPostProcessors (for example: not eligible for auto-proxying)
2021-07-15_23-39-38 [restartedMain] INFO  o.s.c.s.PostProcessorRegistrationDelegate$BeanPostProcessorChecker - Bean 'com.cts.portal.feignclient.ProcessPensionFeignClient' of type [org.springframework.cloud.openfeign.FeignClientFactoryBean] is not eligible for getting processed by all BeanPostProcessors (for example: not eligible for auto-proxying)
2021-07-15_23-39-38 [restartedMain] INFO  o.s.b.w.e.tomcat.TomcatWebServer - Tomcat initialized with port(s): 8500 (http)
2021-07-15_23-39-38 [restartedMain] INFO  o.a.catalina.core.StandardService - Starting service [Tomcat]
2021-07-15_23-39-38 [restartedMain] INFO  o.a.catalina.core.StandardEngine - Starting Servlet engine: [Apache Tomcat/9.0.41]
2021-07-15_23-39-38 [restartedMain] INFO  org.apache.jasper.servlet.TldScanner - At least one JAR was scanned for TLDs yet contained no TLDs. Enable debug logging for this logger for a complete list of JARs that were scanned but no TLDs were found in them. Skipping unneeded JARs during scanning can improve startup time and JSP compilation time.
2021-07-15_23-39-38 [restartedMain] INFO  o.a.c.c.C.[Tomcat].[localhost].[/] - Initializing Spring embedded WebApplicationContext
2021-07-15_23-39-38 [restartedMain] INFO  o.s.b.w.s.c.ServletWebServerApplicationContext - Root WebApplicationContext: initialization completed in 1347 ms
2021-07-15_23-39-38 [restartedMain] INFO  o.s.s.c.ThreadPoolTaskExecutor - Initializing ExecutorService 'applicationTaskExecutor'
2021-07-15_23-39-38 [restartedMain] INFO  o.s.b.a.e.web.EndpointLinksResolver - Exposing 2 endpoint(s) beneath base path '/actuator'
2021-07-15_23-39-38 [restartedMain] INFO  o.s.b.w.e.tomcat.TomcatWebServer - Tomcat started on port(s): 8500 (http) with context path ''
2021-07-15_23-39-38 [restartedMain] INFO  c.c.p.PensionManagementPortalApplication - Started PensionManagementPortalApplication in 4.283 seconds (JVM running for 34429.335)
2021-07-15_23-39-38 [restartedMain] INFO  o.s.b.d.a.ConditionEvaluationDeltaLoggingListener - Condition evaluation unchanged
